<?xml version="1.0" encoding="UTF-8"?>
<coverage generated="1772479758570" clover="3.2.0">
  <project timestamp="1772479758570" name="All files">
    <metrics statements="144" coveredstatements="140" conditionals="111" coveredconditionals="95" methods="12" coveredmethods="12" elements="267" coveredelements="247" complexity="0" loc="144" ncloc="144" packages="1" files="1" classes="1"/>
    <file name="transactionService.js" path="D:\deploy\bysovan deploy\data\services\transactionService.js">
      <metrics statements="144" coveredstatements="140" conditionals="111" coveredconditionals="95" methods="12" coveredmethods="12"/>
      <line num="4" count="1" type="stmt"/>
      <line num="7" count="1" type="stmt"/>
      <line num="8" count="35" type="stmt"/>
      <line num="9" count="35" type="stmt"/>
      <line num="10" count="35" type="stmt"/>
      <line num="12" count="0" type="stmt"/>
      <line num="13" count="0" type="stmt"/>
      <line num="18" count="1" type="stmt"/>
      <line num="19" count="35" type="stmt"/>
      <line num="20" count="35" type="stmt"/>
      <line num="33" count="1" type="stmt"/>
      <line num="34" count="4" type="stmt"/>
      <line num="35" count="4" type="stmt"/>
      <line num="36" count="4" type="stmt"/>
      <line num="37" count="2" type="stmt"/>
      <line num="42" count="2" type="stmt"/>
      <line num="43" count="2" type="stmt"/>
      <line num="54" count="1" type="stmt"/>
      <line num="55" count="18" type="stmt"/>
      <line num="56" count="18" type="stmt"/>
      <line num="57" count="18" type="stmt"/>
      <line num="58" count="18" type="stmt"/>
      <line num="61" count="18" type="cond" truecount="5" falsecount="0"/>
      <line num="62" count="2" type="stmt"/>
      <line num="63" count="2" type="stmt"/>
      <line num="70" count="16" type="cond" truecount="4" falsecount="0"/>
      <line num="71" count="1" type="stmt"/>
      <line num="72" count="1" type="stmt"/>
      <line num="79" count="15" type="cond" truecount="1" falsecount="1"/>
      <line num="80" count="15" type="cond" truecount="5" falsecount="0"/>
      <line num="81" count="1" type="stmt"/>
      <line num="82" count="1" type="stmt"/>
      <line num="89" count="14" type="stmt"/>
      <line num="90" count="15" type="cond" truecount="2" falsecount="0"/>
      <line num="91" count="15" type="cond" truecount="2" falsecount="0"/>
      <line num="92" count="15" type="cond" truecount="3" falsecount="0"/>
      <line num="95" count="14" type="cond" truecount="2" falsecount="0"/>
      <line num="96" count="3" type="stmt"/>
      <line num="97" count="3" type="stmt"/>
      <line num="104" count="11" type="stmt"/>
      <line num="112" count="11" type="cond" truecount="1" falsecount="2"/>
      <line num="113" count="11" type="cond" truecount="1" falsecount="1"/>
      <line num="114" count="11" type="cond" truecount="1" falsecount="1"/>
      <line num="115" count="11" type="cond" truecount="2" falsecount="0"/>
      <line num="118" count="11" type="stmt"/>
      <line num="125" count="11" type="stmt"/>
      <line num="138" count="11" type="stmt"/>
      <line num="139" count="11" type="stmt"/>
      <line num="140" count="11" type="stmt"/>
      <line num="141" count="11" type="stmt"/>
      <line num="143" count="11" type="stmt"/>
      <line num="144" count="11" type="stmt"/>
      <line num="146" count="11" type="stmt"/>
      <line num="148" count="11" type="stmt"/>
      <line num="150" count="6" type="stmt"/>
      <line num="151" count="6" type="stmt"/>
      <line num="152" count="6" type="stmt"/>
      <line num="153" count="6" type="stmt"/>
      <line num="154" count="6" type="stmt"/>
      <line num="156" count="6" type="stmt"/>
      <line num="161" count="5" type="stmt"/>
      <line num="162" count="5" type="stmt"/>
      <line num="163" count="5" type="stmt"/>
      <line num="165" count="5" type="cond" truecount="2" falsecount="0"/>
      <line num="166" count="4" type="stmt"/>
      <line num="167" count="4" type="stmt"/>
      <line num="168" count="4" type="stmt"/>
      <line num="169" count="1" type="cond" truecount="1" falsecount="1"/>
      <line num="170" count="0" type="stmt"/>
      <line num="172" count="1" type="stmt"/>
      <line num="174" count="5" type="stmt"/>
      <line num="177" count="5" type="stmt"/>
      <line num="179" count="5" type="cond" truecount="2" falsecount="0"/>
      <line num="181" count="4" type="cond" truecount="2" falsecount="0"/>
      <line num="182" count="1" type="stmt"/>
      <line num="183" count="3" type="cond" truecount="2" falsecount="0"/>
      <line num="184" count="1" type="stmt"/>
      <line num="185" count="2" type="cond" truecount="2" falsecount="0"/>
      <line num="187" count="1" type="stmt"/>
      <line num="188" count="1" type="stmt"/>
      <line num="189" count="1" type="cond" truecount="1" falsecount="1"/>
      <line num="191" count="1" type="cond" truecount="1" falsecount="1"/>
      <line num="192" count="1" type="stmt"/>
      <line num="195" count="5" type="stmt"/>
      <line num="205" count="1" type="stmt"/>
      <line num="206" count="3" type="stmt"/>
      <line num="207" count="3" type="stmt"/>
      <line num="208" count="3" type="stmt"/>
      <line num="209" count="1" type="stmt"/>
      <line num="214" count="2" type="stmt"/>
      <line num="215" count="2" type="stmt"/>
      <line num="225" count="1" type="stmt"/>
      <line num="226" count="6" type="stmt"/>
      <line num="227" count="6" type="stmt"/>
      <line num="228" count="6" type="stmt"/>
      <line num="230" count="6" type="cond" truecount="2" falsecount="0"/>
      <line num="231" count="3" type="stmt"/>
      <line num="233" count="6" type="cond" truecount="2" falsecount="0"/>
      <line num="234" count="1" type="stmt"/>
      <line num="236" count="6" type="cond" truecount="2" falsecount="0"/>
      <line num="237" count="1" type="stmt"/>
      <line num="239" count="6" type="cond" truecount="2" falsecount="0"/>
      <line num="240" count="1" type="stmt"/>
      <line num="242" count="6" type="cond" truecount="1" falsecount="1"/>
      <line num="243" count="0" type="stmt"/>
      <line num="245" count="6" type="cond" truecount="2" falsecount="0"/>
      <line num="246" count="1" type="stmt"/>
      <line num="249" count="6" type="stmt"/>
      <line num="250" count="6" type="stmt"/>
      <line num="252" count="5" type="stmt"/>
      <line num="257" count="1" type="stmt"/>
      <line num="258" count="1" type="stmt"/>
      <line num="269" count="1" type="stmt"/>
      <line num="270" count="3" type="stmt"/>
      <line num="271" count="3" type="stmt"/>
      <line num="272" count="3" type="stmt"/>
      <line num="273" count="1" type="stmt"/>
      <line num="278" count="2" type="stmt"/>
      <line num="279" count="2" type="stmt"/>
      <line num="289" count="1" type="stmt"/>
      <line num="290" count="3" type="stmt"/>
      <line num="291" count="3" type="stmt"/>
      <line num="292" count="3" type="stmt"/>
      <line num="293" count="1" type="stmt"/>
      <line num="298" count="2" type="stmt"/>
      <line num="299" count="2" type="stmt"/>
      <line num="309" count="1" type="cond" truecount="1" falsecount="0"/>
      <line num="310" count="3" type="stmt"/>
      <line num="311" count="3" type="stmt"/>
      <line num="312" count="3" type="stmt"/>
      <line num="314" count="3" type="cond" truecount="2" falsecount="0"/>
      <line num="315" count="3" type="cond" truecount="2" falsecount="0"/>
      <line num="317" count="3" type="stmt"/>
      <line num="318" count="3" type="stmt"/>
      <line num="320" count="2" type="stmt"/>
      <line num="325" count="1" type="stmt"/>
      <line num="326" count="1" type="stmt"/>
      <line num="336" count="1" type="stmt"/>
      <line num="337" count="2" type="stmt"/>
      <line num="338" count="2" type="stmt"/>
      <line num="339" count="2" type="stmt"/>
      <line num="341" count="1" type="stmt"/>
      <line num="346" count="1" type="stmt"/>
      <line num="347" count="1" type="stmt"/>
    </file>
  </project>
</coverage>
