{"D:\\deploy\\bysovan deploy\\data\\services\\transactionService.js": {"path":"D:\\deploy\\bysovan deploy\\data\\services\\transactionService.js","statementMap":{"0":{"start":{"line":4,"column":17},"end":{"line":4,"column":66}},"1":{"start":{"line":7,"column":21},"end":{"line":15,"column":1}},"2":{"start":{"line":8,"column":2},"end":{"line":14,"column":3}},"3":{"start":{"line":9,"column":18},"end":{"line":9,"column":57}},"4":{"start":{"line":10,"column":4},"end":{"line":10,"column":17}},"5":{"start":{"line":12,"column":4},"end":{"line":12,"column":54}},"6":{"start":{"line":13,"column":4},"end":{"line":13,"column":16}},"7":{"start":{"line":18,"column":23},"end":{"line":26,"column":1}},"8":{"start":{"line":19,"column":16},"end":{"line":19,"column":36}},"9":{"start":{"line":20,"column":2},"end":{"line":25,"column":4}},"10":{"start":{"line":33,"column":31},"end":{"line":48,"column":1}},"11":{"start":{"line":34,"column":2},"end":{"line":47,"column":3}},"12":{"start":{"line":35,"column":19},"end":{"line":35,"column":41}},"13":{"start":{"line":36,"column":21},"end":{"line":36,"column":72}},"14":{"start":{"line":37,"column":4},"end":{"line":40,"column":6}},"15":{"start":{"line":42,"column":4},"end":{"line":42,"column":57}},"16":{"start":{"line":43,"column":4},"end":{"line":46,"column":6}},"17":{"start":{"line":54,"column":33},"end":{"line":200,"column":1}},"18":{"start":{"line":55,"column":2},"end":{"line":199,"column":3}},"19":{"start":{"line":56,"column":4},"end":{"line":56,"column":60}},"20":{"start":{"line":57,"column":4},"end":{"line":57,"column":67}},"21":{"start":{"line":58,"column":4},"end":{"line":58,"column":60}},"22":{"start":{"line":61,"column":4},"end":{"line":67,"column":5}},"23":{"start":{"line":62,"column":6},"end":{"line":62,"column":56}},"24":{"start":{"line":63,"column":6},"end":{"line":66,"column":8}},"25":{"start":{"line":70,"column":4},"end":{"line":76,"column":5}},"26":{"start":{"line":71,"column":6},"end":{"line":71,"column":62}},"27":{"start":{"line":72,"column":6},"end":{"line":75,"column":8}},"28":{"start":{"line":79,"column":26},"end":{"line":79,"column":67}},"29":{"start":{"line":80,"column":4},"end":{"line":86,"column":5}},"30":{"start":{"line":81,"column":6},"end":{"line":81,"column":75}},"31":{"start":{"line":82,"column":6},"end":{"line":85,"column":8}},"32":{"start":{"line":89,"column":28},"end":{"line":93,"column":6}},"33":{"start":{"line":90,"column":23},"end":{"line":90,"column":48}},"34":{"start":{"line":91,"column":24},"end":{"line":91,"column":51}},"35":{"start":{"line":92,"column":6},"end":{"line":92,"column":63}},"36":{"start":{"line":95,"column":4},"end":{"line":101,"column":5}},"37":{"start":{"line":96,"column":6},"end":{"line":96,"column":78}},"38":{"start":{"line":97,"column":6},"end":{"line":100,"column":8}},"39":{"start":{"line":104,"column":20},"end":{"line":136,"column":5}},"40":{"start":{"line":112,"column":25},"end":{"line":112,"column":91}},"41":{"start":{"line":113,"column":26},"end":{"line":113,"column":65}},"42":{"start":{"line":114,"column":25},"end":{"line":114,"column":56}},"43":{"start":{"line":115,"column":25},"end":{"line":115,"column":62}},"44":{"start":{"line":118,"column":8},"end":{"line":123,"column":11}},"45":{"start":{"line":125,"column":8},"end":{"line":130,"column":10}},"46":{"start":{"line":138,"column":4},"end":{"line":138,"column":60}},"47":{"start":{"line":139,"column":4},"end":{"line":139,"column":45}},"48":{"start":{"line":140,"column":4},"end":{"line":140,"column":50}},"49":{"start":{"line":141,"column":4},"end":{"line":141,"column":60}},"50":{"start":{"line":143,"column":19},"end":{"line":143,"column":41}},"51":{"start":{"line":144,"column":16},"end":{"line":144,"column":42}},"52":{"start":{"line":146,"column":4},"end":{"line":146,"column":44}},"53":{"start":{"line":148,"column":21},"end":{"line":148,"column":59}},"54":{"start":{"line":150,"column":4},"end":{"line":150,"column":60}},"55":{"start":{"line":151,"column":4},"end":{"line":151,"column":46}},"56":{"start":{"line":152,"column":4},"end":{"line":152,"column":44}},"57":{"start":{"line":153,"column":4},"end":{"line":153,"column":65}},"58":{"start":{"line":154,"column":4},"end":{"line":154,"column":60}},"59":{"start":{"line":156,"column":4},"end":{"line":159,"column":6}},"60":{"start":{"line":161,"column":4},"end":{"line":161,"column":62}},"61":{"start":{"line":162,"column":4},"end":{"line":162,"column":57}},"62":{"start":{"line":163,"column":4},"end":{"line":163,"column":51}},"63":{"start":{"line":165,"column":4},"end":{"line":173,"column":5}},"64":{"start":{"line":166,"column":6},"end":{"line":166,"column":63}},"65":{"start":{"line":167,"column":6},"end":{"line":167,"column":84}},"66":{"start":{"line":168,"column":6},"end":{"line":168,"column":65}},"67":{"start":{"line":169,"column":11},"end":{"line":173,"column":5}},"68":{"start":{"line":170,"column":6},"end":{"line":170,"column":60}},"69":{"start":{"line":172,"column":6},"end":{"line":172,"column":59}},"70":{"start":{"line":174,"column":4},"end":{"line":174,"column":62}},"71":{"start":{"line":177,"column":23},"end":{"line":177,"column":48}},"72":{"start":{"line":179,"column":4},"end":{"line":193,"column":5}},"73":{"start":{"line":181,"column":6},"end":{"line":190,"column":7}},"74":{"start":{"line":182,"column":8},"end":{"line":182,"column":51}},"75":{"start":{"line":183,"column":13},"end":{"line":190,"column":7}},"76":{"start":{"line":184,"column":8},"end":{"line":184,"column":49}},"77":{"start":{"line":185,"column":13},"end":{"line":190,"column":7}},"78":{"start":{"line":187,"column":23},"end":{"line":187,"column":49}},"79":{"start":{"line":188,"column":27},"end":{"line":188,"column":51}},"80":{"start":{"line":189,"column":8},"end":{"line":189,"column":78}},"81":{"start":{"line":191,"column":11},"end":{"line":193,"column":5}},"82":{"start":{"line":192,"column":6},"end":{"line":192,"column":35}},"83":{"start":{"line":195,"column":4},"end":{"line":198,"column":6}},"84":{"start":{"line":205,"column":34},"end":{"line":220,"column":1}},"85":{"start":{"line":206,"column":2},"end":{"line":219,"column":3}},"86":{"start":{"line":207,"column":19},"end":{"line":207,"column":41}},"87":{"start":{"line":208,"column":21},"end":{"line":208,"column":78}},"88":{"start":{"line":209,"column":4},"end":{"line":212,"column":6}},"89":{"start":{"line":214,"column":4},"end":{"line":214,"column":56}},"90":{"start":{"line":215,"column":4},"end":{"line":218,"column":6}},"91":{"start":{"line":225,"column":34},"end":{"line":264,"column":1}},"92":{"start":{"line":226,"column":2},"end":{"line":263,"column":3}},"93":{"start":{"line":227,"column":19},"end":{"line":227,"column":41}},"94":{"start":{"line":228,"column":24},"end":{"line":228,"column":45}},"95":{"start":{"line":230,"column":4},"end":{"line":232,"column":5}},"96":{"start":{"line":231,"column":6},"end":{"line":231,"column":46}},"97":{"start":{"line":233,"column":4},"end":{"line":235,"column":5}},"98":{"start":{"line":234,"column":6},"end":{"line":234,"column":57}},"99":{"start":{"line":236,"column":4},"end":{"line":238,"column":5}},"100":{"start":{"line":237,"column":6},"end":{"line":237,"column":53}},"101":{"start":{"line":239,"column":4},"end":{"line":241,"column":5}},"102":{"start":{"line":240,"column":6},"end":{"line":240,"column":66}},"103":{"start":{"line":242,"column":4},"end":{"line":244,"column":5}},"104":{"start":{"line":243,"column":6},"end":{"line":243,"column":50}},"105":{"start":{"line":245,"column":4},"end":{"line":247,"column":5}},"106":{"start":{"line":246,"column":6},"end":{"line":246,"column":52}},"107":{"start":{"line":249,"column":16},"end":{"line":249,"column":68}},"108":{"start":{"line":250,"column":21},"end":{"line":250,"column":49}},"109":{"start":{"line":252,"column":4},"end":{"line":255,"column":6}},"110":{"start":{"line":257,"column":4},"end":{"line":257,"column":58}},"111":{"start":{"line":258,"column":4},"end":{"line":262,"column":6}},"112":{"start":{"line":269,"column":33},"end":{"line":284,"column":1}},"113":{"start":{"line":270,"column":2},"end":{"line":283,"column":3}},"114":{"start":{"line":271,"column":19},"end":{"line":271,"column":41}},"115":{"start":{"line":272,"column":21},"end":{"line":272,"column":84}},"116":{"start":{"line":273,"column":4},"end":{"line":276,"column":6}},"117":{"start":{"line":278,"column":4},"end":{"line":278,"column":56}},"118":{"start":{"line":279,"column":4},"end":{"line":282,"column":6}},"119":{"start":{"line":289,"column":33},"end":{"line":304,"column":1}},"120":{"start":{"line":290,"column":2},"end":{"line":303,"column":3}},"121":{"start":{"line":291,"column":19},"end":{"line":291,"column":41}},"122":{"start":{"line":292,"column":21},"end":{"line":292,"column":81}},"123":{"start":{"line":293,"column":4},"end":{"line":296,"column":6}},"124":{"start":{"line":298,"column":4},"end":{"line":298,"column":56}},"125":{"start":{"line":299,"column":4},"end":{"line":302,"column":6}},"126":{"start":{"line":309,"column":35},"end":{"line":331,"column":1}},"127":{"start":{"line":310,"column":2},"end":{"line":330,"column":3}},"128":{"start":{"line":311,"column":19},"end":{"line":311,"column":41}},"129":{"start":{"line":312,"column":24},"end":{"line":312,"column":45}},"130":{"start":{"line":314,"column":4},"end":{"line":314,"column":77}},"131":{"start":{"line":314,"column":26},"end":{"line":314,"column":77}},"132":{"start":{"line":315,"column":4},"end":{"line":315,"column":71}},"133":{"start":{"line":315,"column":24},"end":{"line":315,"column":71}},"134":{"start":{"line":317,"column":16},"end":{"line":317,"column":74}},"135":{"start":{"line":318,"column":21},"end":{"line":318,"column":49}},"136":{"start":{"line":320,"column":4},"end":{"line":323,"column":6}},"137":{"start":{"line":325,"column":4},"end":{"line":325,"column":50}},"138":{"start":{"line":326,"column":4},"end":{"line":329,"column":6}},"139":{"start":{"line":336,"column":30},"end":{"line":352,"column":1}},"140":{"start":{"line":337,"column":2},"end":{"line":351,"column":3}},"141":{"start":{"line":338,"column":19},"end":{"line":338,"column":41}},"142":{"start":{"line":339,"column":21},"end":{"line":339,"column":83}},"143":{"start":{"line":341,"column":4},"end":{"line":344,"column":6}},"144":{"start":{"line":346,"column":4},"end":{"line":346,"column":47}},"145":{"start":{"line":347,"column":4},"end":{"line":350,"column":6}}},"fnMap":{"0":{"name":"(anonymous_0)","decl":{"start":{"line":7,"column":21},"end":{"line":7,"column":22}},"loc":{"start":{"line":7,"column":33},"end":{"line":15,"column":1}},"line":7},"1":{"name":"(anonymous_1)","decl":{"start":{"line":18,"column":23},"end":{"line":18,"column":24}},"loc":{"start":{"line":18,"column":35},"end":{"line":26,"column":1}},"line":18},"2":{"name":"(anonymous_2)","decl":{"start":{"line":33,"column":31},"end":{"line":33,"column":32}},"loc":{"start":{"line":33,"column":43},"end":{"line":48,"column":1}},"line":33},"3":{"name":"(anonymous_3)","decl":{"start":{"line":54,"column":33},"end":{"line":54,"column":34}},"loc":{"start":{"line":54,"column":49},"end":{"line":200,"column":1}},"line":54},"4":{"name":"(anonymous_4)","decl":{"start":{"line":89,"column":49},"end":{"line":89,"column":50}},"loc":{"start":{"line":89,"column":54},"end":{"line":93,"column":5}},"line":89},"5":{"name":"(anonymous_5)","decl":{"start":{"line":111,"column":42},"end":{"line":111,"column":43}},"loc":{"start":{"line":111,"column":53},"end":{"line":131,"column":7}},"line":111},"6":{"name":"(anonymous_6)","decl":{"start":{"line":205,"column":34},"end":{"line":205,"column":35}},"loc":{"start":{"line":205,"column":48},"end":{"line":220,"column":1}},"line":205},"7":{"name":"(anonymous_7)","decl":{"start":{"line":225,"column":34},"end":{"line":225,"column":35}},"loc":{"start":{"line":225,"column":52},"end":{"line":264,"column":1}},"line":225},"8":{"name":"(anonymous_8)","decl":{"start":{"line":269,"column":33},"end":{"line":269,"column":34}},"loc":{"start":{"line":269,"column":53},"end":{"line":284,"column":1}},"line":269},"9":{"name":"(anonymous_9)","decl":{"start":{"line":289,"column":33},"end":{"line":289,"column":34}},"loc":{"start":{"line":289,"column":47},"end":{"line":304,"column":1}},"line":289},"10":{"name":"(anonymous_10)","decl":{"start":{"line":309,"column":35},"end":{"line":309,"column":36}},"loc":{"start":{"line":309,"column":58},"end":{"line":331,"column":1}},"line":309},"11":{"name":"(anonymous_11)","decl":{"start":{"line":336,"column":30},"end":{"line":336,"column":31}},"loc":{"start":{"line":336,"column":50},"end":{"line":352,"column":1}},"line":336}},"branchMap":{"0":{"loc":{"start":{"line":45,"column":13},"end":{"line":45,"column":76}},"type":"binary-expr","locations":[{"start":{"line":45,"column":13},"end":{"line":45,"column":42}},{"start":{"line":45,"column":46},"end":{"line":45,"column":76}}],"line":45},"1":{"loc":{"start":{"line":61,"column":4},"end":{"line":67,"column":5}},"type":"if","locations":[{"start":{"line":61,"column":4},"end":{"line":67,"column":5}},{"start":{},"end":{}}],"line":61},"2":{"loc":{"start":{"line":61,"column":8},"end":{"line":61,"column":61}},"type":"binary-expr","locations":[{"start":{"line":61,"column":8},"end":{"line":61,"column":13}},{"start":{"line":61,"column":17},"end":{"line":61,"column":31}},{"start":{"line":61,"column":35},"end":{"line":61,"column":61}}],"line":61},"3":{"loc":{"start":{"line":70,"column":4},"end":{"line":76,"column":5}},"type":"if","locations":[{"start":{"line":70,"column":4},"end":{"line":76,"column":5}},{"start":{},"end":{}}],"line":70},"4":{"loc":{"start":{"line":70,"column":8},"end":{"line":70,"column":51}},"type":"binary-expr","locations":[{"start":{"line":70,"column":8},"end":{"line":70,"column":27}},{"start":{"line":70,"column":31},"end":{"line":70,"column":51}}],"line":70},"5":{"loc":{"start":{"line":79,"column":26},"end":{"line":79,"column":67}},"type":"binary-expr","locations":[{"start":{"line":79,"column":26},"end":{"line":79,"column":44}},{"start":{"line":79,"column":48},"end":{"line":79,"column":67}}],"line":79},"6":{"loc":{"start":{"line":80,"column":4},"end":{"line":86,"column":5}},"type":"if","locations":[{"start":{"line":80,"column":4},"end":{"line":86,"column":5}},{"start":{},"end":{}}],"line":80},"7":{"loc":{"start":{"line":80,"column":8},"end":{"line":80,"column":70}},"type":"binary-expr","locations":[{"start":{"line":80,"column":8},"end":{"line":80,"column":33}},{"start":{"line":80,"column":37},"end":{"line":80,"column":51}},{"start":{"line":80,"column":55},"end":{"line":80,"column":70}}],"line":80},"8":{"loc":{"start":{"line":90,"column":23},"end":{"line":90,"column":48}},"type":"binary-expr","locations":[{"start":{"line":90,"column":23},"end":{"line":90,"column":34}},{"start":{"line":90,"column":38},"end":{"line":90,"column":48}}],"line":90},"9":{"loc":{"start":{"line":91,"column":24},"end":{"line":91,"column":51}},"type":"binary-expr","locations":[{"start":{"line":91,"column":24},"end":{"line":91,"column":36}},{"start":{"line":91,"column":40},"end":{"line":91,"column":51}}],"line":91},"10":{"loc":{"start":{"line":92,"column":13},"end":{"line":92,"column":62}},"type":"binary-expr","locations":[{"start":{"line":92,"column":13},"end":{"line":92,"column":22}},{"start":{"line":92,"column":26},"end":{"line":92,"column":48}},{"start":{"line":92,"column":52},"end":{"line":92,"column":62}}],"line":92},"11":{"loc":{"start":{"line":95,"column":4},"end":{"line":101,"column":5}},"type":"if","locations":[{"start":{"line":95,"column":4},"end":{"line":101,"column":5}},{"start":{},"end":{}}],"line":95},"12":{"loc":{"start":{"line":105,"column":21},"end":{"line":105,"column":68}},"type":"binary-expr","locations":[{"start":{"line":105,"column":21},"end":{"line":105,"column":38}},{"start":{"line":105,"column":42},"end":{"line":105,"column":60}},{"start":{"line":105,"column":64},"end":{"line":105,"column":68}}],"line":105},"13":{"loc":{"start":{"line":106,"column":22},"end":{"line":106,"column":71}},"type":"binary-expr","locations":[{"start":{"line":106,"column":22},"end":{"line":106,"column":40}},{"start":{"line":106,"column":44},"end":{"line":106,"column":63}},{"start":{"line":106,"column":67},"end":{"line":106,"column":71}}],"line":106},"14":{"loc":{"start":{"line":107,"column":22},"end":{"line":107,"column":71}},"type":"binary-expr","locations":[{"start":{"line":107,"column":22},"end":{"line":107,"column":40}},{"start":{"line":107,"column":44},"end":{"line":107,"column":63}},{"start":{"line":107,"column":67},"end":{"line":107,"column":71}}],"line":107},"15":{"loc":{"start":{"line":109,"column":17},"end":{"line":109,"column":87}},"type":"cond-expr","locations":[{"start":{"line":109,"column":48},"end":{"line":109,"column":79}},{"start":{"line":109,"column":83},"end":{"line":109,"column":87}}],"line":109},"16":{"loc":{"start":{"line":109,"column":48},"end":{"line":109,"column":79}},"type":"binary-expr","locations":[{"start":{"line":109,"column":48},"end":{"line":109,"column":61}},{"start":{"line":109,"column":65},"end":{"line":109,"column":79}}],"line":109},"17":{"loc":{"start":{"line":110,"column":34},"end":{"line":110,"column":82}},"type":"binary-expr","locations":[{"start":{"line":110,"column":34},"end":{"line":110,"column":53}},{"start":{"line":110,"column":57},"end":{"line":110,"column":77}},{"start":{"line":110,"column":81},"end":{"line":110,"column":82}}],"line":110},"18":{"loc":{"start":{"line":111,"column":17},"end":{"line":111,"column":36}},"type":"binary-expr","locations":[{"start":{"line":111,"column":17},"end":{"line":111,"column":30}},{"start":{"line":111,"column":34},"end":{"line":111,"column":36}}],"line":111},"19":{"loc":{"start":{"line":112,"column":26},"end":{"line":112,"column":69}},"type":"binary-expr","locations":[{"start":{"line":112,"column":26},"end":{"line":112,"column":43}},{"start":{"line":112,"column":47},"end":{"line":112,"column":63}},{"start":{"line":112,"column":67},"end":{"line":112,"column":69}}],"line":112},"20":{"loc":{"start":{"line":113,"column":26},"end":{"line":113,"column":65}},"type":"binary-expr","locations":[{"start":{"line":113,"column":26},"end":{"line":113,"column":44}},{"start":{"line":113,"column":48},"end":{"line":113,"column":65}}],"line":113},"21":{"loc":{"start":{"line":114,"column":25},"end":{"line":114,"column":56}},"type":"binary-expr","locations":[{"start":{"line":114,"column":25},"end":{"line":114,"column":51}},{"start":{"line":114,"column":55},"end":{"line":114,"column":56}}],"line":114},"22":{"loc":{"start":{"line":115,"column":25},"end":{"line":115,"column":62}},"type":"binary-expr","locations":[{"start":{"line":115,"column":25},"end":{"line":115,"column":42}},{"start":{"line":115,"column":46},"end":{"line":115,"column":62}}],"line":115},"23":{"loc":{"start":{"line":122,"column":21},"end":{"line":122,"column":39}},"type":"binary-expr","locations":[{"start":{"line":122,"column":21},"end":{"line":122,"column":29}},{"start":{"line":122,"column":33},"end":{"line":122,"column":39}}],"line":122},"24":{"loc":{"start":{"line":129,"column":21},"end":{"line":129,"column":59}},"type":"cond-expr","locations":[{"start":{"line":129,"column":32},"end":{"line":129,"column":52}},{"start":{"line":129,"column":55},"end":{"line":129,"column":59}}],"line":129},"25":{"loc":{"start":{"line":132,"column":25},"end":{"line":134,"column":14}},"type":"cond-expr","locations":[{"start":{"line":133,"column":10},"end":{"line":133,"column":68}},{"start":{"line":134,"column":10},"end":{"line":134,"column":14}}],"line":132},"26":{"loc":{"start":{"line":132,"column":25},"end":{"line":132,"column":71}},"type":"binary-expr","locations":[{"start":{"line":132,"column":25},"end":{"line":132,"column":45}},{"start":{"line":132,"column":49},"end":{"line":132,"column":71}}],"line":132},"27":{"loc":{"start":{"line":133,"column":21},"end":{"line":133,"column":67}},"type":"binary-expr","locations":[{"start":{"line":133,"column":21},"end":{"line":133,"column":41}},{"start":{"line":133,"column":45},"end":{"line":133,"column":67}}],"line":133},"28":{"loc":{"start":{"line":135,"column":13},"end":{"line":135,"column":31}},"type":"binary-expr","locations":[{"start":{"line":135,"column":13},"end":{"line":135,"column":23}},{"start":{"line":135,"column":27},"end":{"line":135,"column":31}}],"line":135},"29":{"loc":{"start":{"line":165,"column":4},"end":{"line":173,"column":5}},"type":"if","locations":[{"start":{"line":165,"column":4},"end":{"line":173,"column":5}},{"start":{"line":169,"column":11},"end":{"line":173,"column":5}}],"line":165},"30":{"loc":{"start":{"line":169,"column":11},"end":{"line":173,"column":5}},"type":"if","locations":[{"start":{"line":169,"column":11},"end":{"line":173,"column":5}},{"start":{"line":171,"column":11},"end":{"line":173,"column":5}}],"line":169},"31":{"loc":{"start":{"line":179,"column":4},"end":{"line":193,"column":5}},"type":"if","locations":[{"start":{"line":179,"column":4},"end":{"line":193,"column":5}},{"start":{"line":191,"column":11},"end":{"line":193,"column":5}}],"line":179},"32":{"loc":{"start":{"line":181,"column":6},"end":{"line":190,"column":7}},"type":"if","locations":[{"start":{"line":181,"column":6},"end":{"line":190,"column":7}},{"start":{"line":183,"column":13},"end":{"line":190,"column":7}}],"line":181},"33":{"loc":{"start":{"line":183,"column":13},"end":{"line":190,"column":7}},"type":"if","locations":[{"start":{"line":183,"column":13},"end":{"line":190,"column":7}},{"start":{"line":185,"column":13},"end":{"line":190,"column":7}}],"line":183},"34":{"loc":{"start":{"line":185,"column":13},"end":{"line":190,"column":7}},"type":"if","locations":[{"start":{"line":185,"column":13},"end":{"line":190,"column":7}},{"start":{},"end":{}}],"line":185},"35":{"loc":{"start":{"line":189,"column":23},"end":{"line":189,"column":77}},"type":"cond-expr","locations":[{"start":{"line":189,"column":51},"end":{"line":189,"column":64}},{"start":{"line":189,"column":67},"end":{"line":189,"column":77}}],"line":189},"36":{"loc":{"start":{"line":191,"column":11},"end":{"line":193,"column":5}},"type":"if","locations":[{"start":{"line":191,"column":11},"end":{"line":193,"column":5}},{"start":{},"end":{}}],"line":191},"37":{"loc":{"start":{"line":217,"column":13},"end":{"line":217,"column":75}},"type":"binary-expr","locations":[{"start":{"line":217,"column":13},"end":{"line":217,"column":42}},{"start":{"line":217,"column":46},"end":{"line":217,"column":75}}],"line":217},"38":{"loc":{"start":{"line":230,"column":4},"end":{"line":232,"column":5}},"type":"if","locations":[{"start":{"line":230,"column":4},"end":{"line":232,"column":5}},{"start":{},"end":{}}],"line":230},"39":{"loc":{"start":{"line":233,"column":4},"end":{"line":235,"column":5}},"type":"if","locations":[{"start":{"line":233,"column":4},"end":{"line":235,"column":5}},{"start":{},"end":{}}],"line":233},"40":{"loc":{"start":{"line":236,"column":4},"end":{"line":238,"column":5}},"type":"if","locations":[{"start":{"line":236,"column":4},"end":{"line":238,"column":5}},{"start":{},"end":{}}],"line":236},"41":{"loc":{"start":{"line":239,"column":4},"end":{"line":241,"column":5}},"type":"if","locations":[{"start":{"line":239,"column":4},"end":{"line":241,"column":5}},{"start":{},"end":{}}],"line":239},"42":{"loc":{"start":{"line":242,"column":4},"end":{"line":244,"column":5}},"type":"if","locations":[{"start":{"line":242,"column":4},"end":{"line":244,"column":5}},{"start":{},"end":{}}],"line":242},"43":{"loc":{"start":{"line":245,"column":4},"end":{"line":247,"column":5}},"type":"if","locations":[{"start":{"line":245,"column":4},"end":{"line":247,"column":5}},{"start":{},"end":{}}],"line":245},"44":{"loc":{"start":{"line":260,"column":13},"end":{"line":260,"column":77}},"type":"binary-expr","locations":[{"start":{"line":260,"column":13},"end":{"line":260,"column":42}},{"start":{"line":260,"column":46},"end":{"line":260,"column":77}}],"line":260},"45":{"loc":{"start":{"line":281,"column":13},"end":{"line":281,"column":76}},"type":"binary-expr","locations":[{"start":{"line":281,"column":13},"end":{"line":281,"column":42}},{"start":{"line":281,"column":46},"end":{"line":281,"column":76}}],"line":281},"46":{"loc":{"start":{"line":301,"column":13},"end":{"line":301,"column":76}},"type":"binary-expr","locations":[{"start":{"line":301,"column":13},"end":{"line":301,"column":42}},{"start":{"line":301,"column":46},"end":{"line":301,"column":76}}],"line":301},"47":{"loc":{"start":{"line":309,"column":42},"end":{"line":309,"column":53}},"type":"default-arg","locations":[{"start":{"line":309,"column":51},"end":{"line":309,"column":53}}],"line":309},"48":{"loc":{"start":{"line":314,"column":4},"end":{"line":314,"column":77}},"type":"if","locations":[{"start":{"line":314,"column":4},"end":{"line":314,"column":77}},{"start":{},"end":{}}],"line":314},"49":{"loc":{"start":{"line":315,"column":4},"end":{"line":315,"column":71}},"type":"if","locations":[{"start":{"line":315,"column":4},"end":{"line":315,"column":71}},{"start":{},"end":{}}],"line":315},"50":{"loc":{"start":{"line":328,"column":13},"end":{"line":328,"column":74}},"type":"binary-expr","locations":[{"start":{"line":328,"column":13},"end":{"line":328,"column":42}},{"start":{"line":328,"column":46},"end":{"line":328,"column":74}}],"line":328},"51":{"loc":{"start":{"line":349,"column":13},"end":{"line":349,"column":65}},"type":"binary-expr","locations":[{"start":{"line":349,"column":13},"end":{"line":349,"column":42}},{"start":{"line":349,"column":46},"end":{"line":349,"column":65}}],"line":349}},"s":{"0":1,"1":1,"2":35,"3":35,"4":35,"5":0,"6":0,"7":1,"8":35,"9":35,"10":1,"11":4,"12":4,"13":4,"14":2,"15":2,"16":2,"17":1,"18":18,"19":18,"20":18,"21":18,"22":18,"23":2,"24":2,"25":16,"26":1,"27":1,"28":15,"29":15,"30":1,"31":1,"32":14,"33":15,"34":15,"35":15,"36":14,"37":3,"38":3,"39":11,"40":11,"41":11,"42":11,"43":11,"44":11,"45":11,"46":11,"47":11,"48":11,"49":11,"50":11,"51":11,"52":11,"53":11,"54":6,"55":6,"56":6,"57":6,"58":6,"59":6,"60":5,"61":5,"62":5,"63":5,"64":4,"65":4,"66":4,"67":1,"68":0,"69":1,"70":5,"71":5,"72":5,"73":4,"74":1,"75":3,"76":1,"77":2,"78":1,"79":1,"80":1,"81":1,"82":1,"83":5,"84":1,"85":3,"86":3,"87":3,"88":1,"89":2,"90":2,"91":1,"92":6,"93":6,"94":6,"95":6,"96":3,"97":6,"98":1,"99":6,"100":1,"101":6,"102":1,"103":6,"104":0,"105":6,"106":1,"107":6,"108":6,"109":5,"110":1,"111":1,"112":1,"113":3,"114":3,"115":3,"116":1,"117":2,"118":2,"119":1,"120":3,"121":3,"122":3,"123":1,"124":2,"125":2,"126":1,"127":3,"128":3,"129":3,"130":3,"131":1,"132":3,"133":1,"134":3,"135":3,"136":2,"137":1,"138":1,"139":1,"140":2,"141":2,"142":2,"143":1,"144":1,"145":1},"f":{"0":35,"1":35,"2":4,"3":18,"4":15,"5":11,"6":3,"7":6,"8":3,"9":3,"10":3,"11":2},"b":{"0":[2,1],"1":[2,16],"2":[18,17,17],"3":[1,15],"4":[16,1],"5":[15,0],"6":[1,14],"7":[15,2,1],"8":[15,2],"9":[15,3],"10":[15,13,12],"11":[3,11],"12":[11,6,6],"13":[11,6,6],"14":[11,11,11],"15":[1,10],"16":[1,0],"17":[11,11,11],"18":[11,0],"19":[11,0,0],"20":[11,0],"21":[11,0],"22":[11,11],"23":[11,11],"24":[0,11],"25":[1,10],"26":[11,10],"27":[1,0],"28":[11,11],"29":[4,1],"30":[0,1],"31":[4,1],"32":[1,3],"33":[1,2],"34":[1,1],"35":[1,0],"36":[1,0],"37":[2,1],"38":[3,3],"39":[1,5],"40":[1,5],"41":[1,5],"42":[0,6],"43":[1,5],"44":[1,0],"45":[2,1],"46":[2,1],"47":[2],"48":[1,2],"49":[1,2],"50":[1,0],"51":[1,0]},"_coverageSchema":"1a1c01bbd47fc00a2c39e90264f33305004495a9","hash":"03c74530dd9a877055955b2290bd696acfe31c99"}
}
