TN:
SF:data\services\transactionService.js
FN:7,(anonymous_0)
FN:18,(anonymous_1)
FN:33,(anonymous_2)
FN:54,(anonymous_3)
FN:89,(anonymous_4)
FN:111,(anonymous_5)
FN:205,(anonymous_6)
FN:225,(anonymous_7)
FN:269,(anonymous_8)
FN:289,(anonymous_9)
FN:309,(anonymous_10)
FN:336,(anonymous_11)
FNF:12
FNH:12
FNDA:35,(anonymous_0)
FNDA:35,(anonymous_1)
FNDA:4,(anonymous_2)
FNDA:18,(anonymous_3)
FNDA:15,(anonymous_4)
FNDA:11,(anonymous_5)
FNDA:3,(anonymous_6)
FNDA:6,(anonymous_7)
FNDA:3,(anonymous_8)
FNDA:3,(anonymous_9)
FNDA:3,(anonymous_10)
FNDA:2,(anonymous_11)
DA:4,1
DA:7,1
DA:8,35
DA:9,35
DA:10,35
DA:12,0
DA:13,0
DA:18,1
DA:19,35
DA:20,35
DA:33,1
DA:34,4
DA:35,4
DA:36,4
DA:37,2
DA:42,2
DA:43,2
DA:54,1
DA:55,18
DA:56,18
DA:57,18
DA:58,18
DA:61,18
DA:62,2
DA:63,2
DA:70,16
DA:71,1
DA:72,1
DA:79,15
DA:80,15
DA:81,1
DA:82,1
DA:89,14
DA:90,15
DA:91,15
DA:92,15
DA:95,14
DA:96,3
DA:97,3
DA:104,11
DA:112,11
DA:113,11
DA:114,11
DA:115,11
DA:118,11
DA:125,11
DA:138,11
DA:139,11
DA:140,11
DA:141,11
DA:143,11
DA:144,11
DA:146,11
DA:148,11
DA:150,6
DA:151,6
DA:152,6
DA:153,6
DA:154,6
DA:156,6
DA:161,5
DA:162,5
DA:163,5
DA:165,5
DA:166,4
DA:167,4
DA:168,4
DA:169,1
DA:170,0
DA:172,1
DA:174,5
DA:177,5
DA:179,5
DA:181,4
DA:182,1
DA:183,3
DA:184,1
DA:185,2
DA:187,1
DA:188,1
DA:189,1
DA:191,1
DA:192,1
DA:195,5
DA:205,1
DA:206,3
DA:207,3
DA:208,3
DA:209,1
DA:214,2
DA:215,2
DA:225,1
DA:226,6
DA:227,6
DA:228,6
DA:230,6
DA:231,3
DA:233,6
DA:234,1
DA:236,6
DA:237,1
DA:239,6
DA:240,1
DA:242,6
DA:243,0
DA:245,6
DA:246,1
DA:249,6
DA:250,6
DA:252,5
DA:257,1
DA:258,1
DA:269,1
DA:270,3
DA:271,3
DA:272,3
DA:273,1
DA:278,2
DA:279,2
DA:289,1
DA:290,3
DA:291,3
DA:292,3
DA:293,1
DA:298,2
DA:299,2
DA:309,1
DA:310,3
DA:311,3
DA:312,3
DA:314,3
DA:315,3
DA:317,3
DA:318,3
DA:320,2
DA:325,1
DA:326,1
DA:336,1
DA:337,2
DA:338,2
DA:339,2
DA:341,1
DA:346,1
DA:347,1
LF:144
LH:140
BRDA:45,0,0,2
BRDA:45,0,1,1
BRDA:61,1,0,2
BRDA:61,1,1,16
BRDA:61,2,0,18
BRDA:61,2,1,17
BRDA:61,2,2,17
BRDA:70,3,0,1
BRDA:70,3,1,15
BRDA:70,4,0,16
BRDA:70,4,1,1
BRDA:79,5,0,15
BRDA:79,5,1,0
BRDA:80,6,0,1
BRDA:80,6,1,14
BRDA:80,7,0,15
BRDA:80,7,1,2
BRDA:80,7,2,1
BRDA:90,8,0,15
BRDA:90,8,1,2
BRDA:91,9,0,15
BRDA:91,9,1,3
BRDA:92,10,0,15
BRDA:92,10,1,13
BRDA:92,10,2,12
BRDA:95,11,0,3
BRDA:95,11,1,11
BRDA:105,12,0,11
BRDA:105,12,1,6
BRDA:105,12,2,6
BRDA:106,13,0,11
BRDA:106,13,1,6
BRDA:106,13,2,6
BRDA:107,14,0,11
BRDA:107,14,1,11
BRDA:107,14,2,11
BRDA:109,15,0,1
BRDA:109,15,1,10
BRDA:109,16,0,1
BRDA:109,16,1,0
BRDA:110,17,0,11
BRDA:110,17,1,11
BRDA:110,17,2,11
BRDA:111,18,0,11
BRDA:111,18,1,0
BRDA:112,19,0,11
BRDA:112,19,1,0
BRDA:112,19,2,0
BRDA:113,20,0,11
BRDA:113,20,1,0
BRDA:114,21,0,11
BRDA:114,21,1,0
BRDA:115,22,0,11
BRDA:115,22,1,11
BRDA:122,23,0,11
BRDA:122,23,1,11
BRDA:129,24,0,0
BRDA:129,24,1,11
BRDA:132,25,0,1
BRDA:132,25,1,10
BRDA:132,26,0,11
BRDA:132,26,1,10
BRDA:133,27,0,1
BRDA:133,27,1,0
BRDA:135,28,0,11
BRDA:135,28,1,11
BRDA:165,29,0,4
BRDA:165,29,1,1
BRDA:169,30,0,0
BRDA:169,30,1,1
BRDA:179,31,0,4
BRDA:179,31,1,1
BRDA:181,32,0,1
BRDA:181,32,1,3
BRDA:183,33,0,1
BRDA:183,33,1,2
BRDA:185,34,0,1
BRDA:185,34,1,1
BRDA:189,35,0,1
BRDA:189,35,1,0
BRDA:191,36,0,1
BRDA:191,36,1,0
BRDA:217,37,0,2
BRDA:217,37,1,1
BRDA:230,38,0,3
BRDA:230,38,1,3
BRDA:233,39,0,1
BRDA:233,39,1,5
BRDA:236,40,0,1
BRDA:236,40,1,5
BRDA:239,41,0,1
BRDA:239,41,1,5
BRDA:242,42,0,0
BRDA:242,42,1,6
BRDA:245,43,0,1
BRDA:245,43,1,5
BRDA:260,44,0,1
BRDA:260,44,1,0
BRDA:281,45,0,2
BRDA:281,45,1,1
BRDA:301,46,0,2
BRDA:301,46,1,1
BRDA:309,47,0,2
BRDA:314,48,0,1
BRDA:314,48,1,2
BRDA:315,49,0,1
BRDA:315,49,1,2
BRDA:328,50,0,1
BRDA:328,50,1,0
BRDA:349,51,0,1
BRDA:349,51,1,0
BRF:111
BRH:95
end_of_record
